2020-04-20 00:27:51,168 -start_Appium -INFO -port 4723 is used
2020-04-20 00:28:16,633 -start_Appium -INFO -prot 4723 is not used
2020-04-20 00:28:17,548 -start_Appium -INFO -启动成功，启动参数：host为127.0.0.1,port为4723,bpport为4724,udid为None
2020-04-20 00:28:24,496 -start_Appium -INFO -port 4723 is used
2020-04-20 00:28:45,894 -start_Appium -INFO -port 4723 is used
2020-04-20 00:28:52,079 -start_Appium -INFO -port 4723 is used
2020-04-20 00:29:41,214 -start_Appium -INFO -prot 4723 is not used
2020-04-20 00:29:42,125 -start_Appium -INFO -启动成功，启动参数：host为127.0.0.1,port为4723,bpport为4724,udid为None
2020-04-20 00:48:00,590 -start_Appium -INFO -Darwin
2020-04-20 00:56:49,067 -start_Appium -INFO -Darwin
2020-04-20 00:57:24,846 -start_Appium -INFO -prot 4723 is not used
2020-04-20 00:57:26,452 -start_Appium -INFO -启动成功，启动参数：host为127.0.0.1,port为4723,bpport为4724,udid为None
2020-04-20 00:57:47,093 -start_Appium -INFO -Darwin
2020-04-20 00:59:36,752 -start_Appium -INFO -prot 4723 is not used
2020-04-20 00:59:36,753 -start_Appium -INFO -该端口未运行
2020-04-20 05:00:16,887 -start_Appium -INFO -1
2020-04-20 05:00:24,708 -start_Appium -INFO -1
2020-04-20 05:16:19,307 -start_Appium -INFO -获取的udid:["b'emulator-5554          "],
2020-04-20 05:16:44,550 -start_Appium -INFO -获取的udid:["b'emulator-5554"],
2020-04-20 14:39:40,411 -start_Appium -INFO -获取的udid:["b'emulator-5554"],
2020-04-20 14:47:18,175 -/Users/zhangxiangkui/Downloads/AutomationTest/utils/LogUtil.py -INFO -报告地址:/Users/zhangxiangkui/Downloads/AutomationTest/report/result
2020-04-20 14:47:18,194 -/Users/zhangxiangkui/Downloads/AutomationTest/utils/LogUtil.py -INFO -报告地址：/Users/zhangxiangkui/Downloads/AutomationTest/report/html
2020-04-20 14:48:53,234 -/Users/zhangxiangkui/Downloads/AutomationTest/utils/LogUtil.py -INFO -报告地址:/Users/zhangxiangkui/Downloads/AutomationTest/report/result
2020-04-20 14:48:53,239 -/Users/zhangxiangkui/Downloads/AutomationTest/utils/LogUtil.py -INFO -报告地址：/Users/zhangxiangkui/Downloads/AutomationTest/report/html
2020-04-20 14:51:02,456 -start_Appium -INFO -获取的udid:["b'emulator-5554"],
2020-04-20 14:51:23,111 -start_Appium -INFO -prot 4723 is not used
2020-04-20 14:51:23,111 -start_Appium -INFO -prot 4723 is not used
2020-04-20 14:51:25,295 -start_Appium -INFO -启动成功，启动参数：host为127.0.0.1,port为4723,bpport为4724,udid为None
2020-04-20 14:51:25,296 -start_Appium -INFO -port 4723 is used
2020-04-20 14:51:25,307 -start_Appium -INFO -Darwin
2020-04-20 14:51:25,418 -start_Appium -INFO -获取的udid:["b'emulator-5554"],
2020-04-20 14:54:16,614 -/Users/zhangxiangkui/Downloads/AutomationTest/utils/LogUtil.py -INFO -报告地址:/Users/zhangxiangkui/Downloads/AutomationTest/report/result
2020-04-20 14:54:16,618 -/Users/zhangxiangkui/Downloads/AutomationTest/utils/LogUtil.py -INFO -报告地址：/Users/zhangxiangkui/Downloads/AutomationTest/report/html
2020-04-20 15:00:04,140 -/Users/zhangxiangkui/Downloads/AutomationTest/utils/LogUtil.py -INFO -报告地址:/Users/zhangxiangkui/Downloads/AutomationTest/report/result
2020-04-20 15:00:04,144 -/Users/zhangxiangkui/Downloads/AutomationTest/utils/LogUtil.py -INFO -报告地址：/Users/zhangxiangkui/Downloads/AutomationTest/report/html
2020-04-20 15:02:41,250 -/Users/zhangxiangkui/Downloads/AutomationTest/utils/LogUtil.py -DEBUG -获取TestCase表测试的个数1,数据内容[{'序号': 1.0, '描述': '首页', 'TC_ID': 'HomePage', '是否运行': 'y', '备注': '首页'}]
2020-04-20 15:02:41,261 -/Users/zhangxiangkui/Downloads/AutomationTest/utils/LogUtil.py -DEBUG -获取CaseData运行的个数1,数据内容[{'TC_ID': 'HomePage', 'CASE_ID': 'Case_001', '是否运行': 'y', '用例名称': '输入', '测试数据': 'send=appium', '期望结果': 'appium', '描述': '首页', '备注': '首页'}]
2020-04-20 15:04:57,883 -/Users/zhangxiangkui/Downloads/AutomationTest/utils/LogUtil.py -INFO -报告地址:/Users/zhangxiangkui/Downloads/AutomationTest/report/result
2020-04-20 15:04:57,887 -/Users/zhangxiangkui/Downloads/AutomationTest/utils/LogUtil.py -INFO -报告地址：/Users/zhangxiangkui/Downloads/AutomationTest/report/html
2020-04-20 15:10:59,487 -/Users/zhangxiangkui/Downloads/AutomationTest/utils/LogUtil.py -INFO -报告地址:/Users/zhangxiangkui/Downloads/AutomationTest/report/result
2020-04-20 15:10:59,492 -/Users/zhangxiangkui/Downloads/AutomationTest/utils/LogUtil.py -INFO -报告地址：/Users/zhangxiangkui/Downloads/AutomationTest/report/html
2020-04-20 15:12:26,422 -/Users/zhangxiangkui/Downloads/AutomationTest/utils/LogUtil.py -INFO -报告地址:/Users/zhangxiangkui/Downloads/AutomationTest/report/result
2020-04-20 15:12:26,426 -/Users/zhangxiangkui/Downloads/AutomationTest/utils/LogUtil.py -INFO -报告地址：/Users/zhangxiangkui/Downloads/AutomationTest/report/html
2020-04-20 15:19:50,962 -/Users/zhangxiangkui/Downloads/AutomationTest/utils/LogUtil.py -DEBUG -获取TestCase表测试的个数1,数据内容[{'序号': 1.0, '描述': '首页', 'TC_ID': 'HomePage', '是否运行': 'y', '备注': '首页'}]
2020-04-20 15:19:50,973 -/Users/zhangxiangkui/Downloads/AutomationTest/utils/LogUtil.py -DEBUG -获取CaseData运行的个数1,数据内容[{'TC_ID': 'HomePage', 'CASE_ID': 'Case_001', '是否运行': 'y', '用例名称': '输入', '测试数据': 'send=appium', '期望结果': 'appium', '描述': '首页', '备注': '首页'}]
2020-04-20 15:19:51,111 -/Users/zhangxiangkui/Downloads/AutomationTest/utils/LogUtil.py -INFO -报告地址:/Users/zhangxiangkui/Downloads/AutomationTest/report/result
2020-04-20 15:19:51,122 -/Users/zhangxiangkui/Downloads/AutomationTest/utils/LogUtil.py -INFO -报告地址：/Users/zhangxiangkui/Downloads/AutomationTest/report/html
2020-04-20 15:20:17,417 -/Users/zhangxiangkui/Downloads/AutomationTest/utils/LogUtil.py -DEBUG -获取TestCase表测试的个数1,数据内容[{'序号': 1.0, '描述': '首页', 'TC_ID': 'HomePage', '是否运行': 'y', '备注': '首页'}]
2020-04-20 15:20:17,426 -/Users/zhangxiangkui/Downloads/AutomationTest/utils/LogUtil.py -DEBUG -获取CaseData运行的个数1,数据内容[{'TC_ID': 'HomePage', 'CASE_ID': 'Case_001', '是否运行': 'y', '用例名称': '输入', '测试数据': 'send=appium', '期望结果': 'appium', '描述': '首页', '备注': '首页'}]
2020-04-20 15:20:17,447 -start_Appium -INFO -获取的udid:["b'emulator-5554"],
2020-04-20 15:20:17,521 -/Users/zhangxiangkui/Downloads/AutomationTest/utils/LogUtil.py -INFO -报告地址:/Users/zhangxiangkui/Downloads/AutomationTest/report/result
2020-04-20 15:20:17,525 -/Users/zhangxiangkui/Downloads/AutomationTest/utils/LogUtil.py -INFO -报告地址：/Users/zhangxiangkui/Downloads/AutomationTest/report/html
2020-04-20 15:34:22,908 -/Users/zhangxiangkui/Downloads/AutomationTest/utils/LogUtil.py -DEBUG -获取TestCase表测试的个数1,数据内容[{'序号': 1.0, '描述': '首页', 'TC_ID': 'HomePage', '是否运行': 'y', '备注': '首页'}]
2020-04-20 15:34:22,928 -/Users/zhangxiangkui/Downloads/AutomationTest/utils/LogUtil.py -DEBUG -获取CaseData运行的个数1,数据内容[{'TC_ID': 'HomePage', 'CASE_ID': 'Case_001', '是否运行': 'y', '用例名称': '输入', '测试数据': 'send=appium', '期望结果': 'appium', '描述': '首页', '备注': '首页'}]
2020-04-20 15:34:22,947 -start_Appium -INFO -获取的udid:["b'emulator-5554"],
2020-04-20 15:34:23,008 -/Users/zhangxiangkui/Downloads/AutomationTest/utils/LogUtil.py -INFO -报告地址:/Users/zhangxiangkui/Downloads/AutomationTest/report/result
2020-04-20 15:34:23,013 -/Users/zhangxiangkui/Downloads/AutomationTest/utils/LogUtil.py -INFO -报告地址：/Users/zhangxiangkui/Downloads/AutomationTest/report/html
2020-04-20 15:36:26,217 -/Users/zhangxiangkui/Downloads/AutomationTest/utils/LogUtil.py -DEBUG -获取TestCase表测试的个数1,数据内容[{'序号': 1.0, '描述': '首页', 'TC_ID': 'HomePage', '是否运行': 'y', '备注': '首页'}]
2020-04-20 15:36:26,227 -/Users/zhangxiangkui/Downloads/AutomationTest/utils/LogUtil.py -DEBUG -获取CaseData运行的个数1,数据内容[{'TC_ID': 'HomePage', 'CASE_ID': 'Case_001', '是否运行': 'y', '用例名称': '输入', '测试数据': 'send=appium', '期望结果': 'appium', '描述': '首页', '备注': '首页'}]
2020-04-20 15:36:26,246 -start_Appium -INFO -获取的udid:["b'emulator-5554"],
2020-04-20 15:36:26,249 -TestKeyword -INFO -None
2020-04-20 15:36:26,317 -/Users/zhangxiangkui/Downloads/AutomationTest/utils/LogUtil.py -INFO -报告地址:/Users/zhangxiangkui/Downloads/AutomationTest/report/result
2020-04-20 15:36:26,321 -/Users/zhangxiangkui/Downloads/AutomationTest/utils/LogUtil.py -INFO -报告地址：/Users/zhangxiangkui/Downloads/AutomationTest/report/html
2020-04-20 15:39:13,333 -/Users/zhangxiangkui/Downloads/AutomationTest/utils/LogUtil.py -DEBUG -获取TestCase表测试的个数1,数据内容[{'序号': 1.0, '描述': '首页', 'TC_ID': 'HomePage', '是否运行': 'y', '备注': '首页'}]
2020-04-20 15:39:13,365 -/Users/zhangxiangkui/Downloads/AutomationTest/utils/LogUtil.py -DEBUG -获取CaseData运行的个数1,数据内容[{'TC_ID': 'HomePage', 'CASE_ID': 'Case_001', '是否运行': 'y', '用例名称': '输入', '测试数据': 'send=appium', '期望结果': 'appium', '描述': '首页', '备注': '首页'}]
2020-04-20 15:39:13,390 -start_Appium -INFO -获取的udid:["b'emulator-5554"],
2020-04-20 15:39:13,392 -TestKeyword -INFO -None
2020-04-20 15:39:13,463 -/Users/zhangxiangkui/Downloads/AutomationTest/utils/LogUtil.py -INFO -报告地址:/Users/zhangxiangkui/Downloads/AutomationTest/report/result
2020-04-20 15:39:13,468 -/Users/zhangxiangkui/Downloads/AutomationTest/utils/LogUtil.py -INFO -报告地址：/Users/zhangxiangkui/Downloads/AutomationTest/report/html
2020-04-20 15:45:52,405 -/Users/zhangxiangkui/Downloads/AutomationTest/utils/LogUtil.py -DEBUG -获取TestCase表测试的个数1,数据内容[{'序号': 1.0, '描述': '首页', 'TC_ID': 'HomePage', '是否运行': 'y', '备注': '首页'}]
2020-04-20 15:45:52,414 -/Users/zhangxiangkui/Downloads/AutomationTest/utils/LogUtil.py -DEBUG -获取CaseData运行的个数1,数据内容[{'TC_ID': 'HomePage', 'CASE_ID': 'Case_001', '是否运行': 'y', '用例名称': '输入', '测试数据': 'send=appium', '期望结果': 'appium', '描述': '首页', '备注': '首页'}]
2020-04-20 15:45:52,424 -start_Appium -INFO -prot 4723 is not used
2020-04-20 15:45:52,425 -TestKeyword -INFO -None
2020-04-20 15:45:52,490 -/Users/zhangxiangkui/Downloads/AutomationTest/utils/LogUtil.py -INFO -报告地址:/Users/zhangxiangkui/Downloads/AutomationTest/report/result
2020-04-20 15:45:52,494 -/Users/zhangxiangkui/Downloads/AutomationTest/utils/LogUtil.py -INFO -报告地址：/Users/zhangxiangkui/Downloads/AutomationTest/report/html
2020-04-20 15:59:18,276 -/Users/zhangxiangkui/Downloads/AutomationTest/utils/LogUtil.py -DEBUG -获取TestCase表测试的个数1,数据内容[{'序号': 1.0, '描述': '首页', 'TC_ID': 'HomePage', '是否运行': 'y', '备注': '首页'}]
2020-04-20 15:59:18,298 -/Users/zhangxiangkui/Downloads/AutomationTest/utils/LogUtil.py -DEBUG -获取CaseData运行的个数1,数据内容[{'TC_ID': 'HomePage', 'CASE_ID': 'Case_001', '是否运行': 'y', '用例名称': '输入', '测试数据': 'send=appium', '期望结果': 'appium', '描述': '首页', '备注': '首页'}]
2020-04-20 15:59:18,330 -start_Appium -INFO -获取的udid:["b'emulator-5554"],
2020-04-20 15:59:18,393 -/Users/zhangxiangkui/Downloads/AutomationTest/utils/LogUtil.py -INFO -报告地址:/Users/zhangxiangkui/Downloads/AutomationTest/report/result
2020-04-20 15:59:18,396 -/Users/zhangxiangkui/Downloads/AutomationTest/utils/LogUtil.py -INFO -报告地址：/Users/zhangxiangkui/Downloads/AutomationTest/report/html
2020-04-20 16:01:09,246 -/Users/zhangxiangkui/Downloads/AutomationTest/utils/LogUtil.py -DEBUG -获取TestCase表测试的个数1,数据内容[{'序号': 1.0, '描述': '首页', 'TC_ID': 'HomePage', '是否运行': 'y', '备注': '首页'}]
2020-04-20 16:01:09,254 -/Users/zhangxiangkui/Downloads/AutomationTest/utils/LogUtil.py -DEBUG -获取CaseData运行的个数1,数据内容[{'TC_ID': 'HomePage', 'CASE_ID': 'Case_001', '是否运行': 'y', '用例名称': '输入', '测试数据': 'send=appium', '期望结果': 'appium', '描述': '首页', '备注': '首页'}]
2020-04-20 16:01:09,285 -start_Appium -INFO -获取的udid:["b'emulator-5554"],
2020-04-20 16:01:09,346 -/Users/zhangxiangkui/Downloads/AutomationTest/utils/LogUtil.py -INFO -报告地址:/Users/zhangxiangkui/Downloads/AutomationTest/report/result
2020-04-20 16:01:09,350 -/Users/zhangxiangkui/Downloads/AutomationTest/utils/LogUtil.py -INFO -报告地址：/Users/zhangxiangkui/Downloads/AutomationTest/report/html
2020-04-20 16:02:11,712 -start_Appium -INFO -prot 4723 is not used
2020-04-20 16:02:11,713 -start_Appium -INFO -prot 4723 is not used
2020-04-20 16:02:13,661 -start_Appium -INFO -启动成功，启动参数：host为127.0.0.1,port为4723,bpport为4724,udid为None
2020-04-20 16:07:30,098 -/Users/zhangxiangkui/Downloads/AutomationTest/utils/LogUtil.py -DEBUG -获取TestCase表测试的个数1,数据内容[{'序号': 1.0, '描述': '首页', 'TC_ID': 'HomePage', '是否运行': 'y', '备注': '首页'}]
2020-04-20 16:07:30,107 -/Users/zhangxiangkui/Downloads/AutomationTest/utils/LogUtil.py -DEBUG -获取CaseData运行的个数1,数据内容[{'TC_ID': 'HomePage', 'CASE_ID': 'Case_001', '是否运行': 'y', '用例名称': '输入', '测试数据': 'send=appium', '期望结果': 'appium', '描述': '首页', '备注': '首页'}]
2020-04-20 16:07:30,137 -start_Appium -INFO -获取的udid:["b'emulator-5554"],
2020-04-20 16:07:30,199 -/Users/zhangxiangkui/Downloads/AutomationTest/utils/LogUtil.py -INFO -报告地址:/Users/zhangxiangkui/Downloads/AutomationTest/report/result
2020-04-20 16:07:30,203 -/Users/zhangxiangkui/Downloads/AutomationTest/utils/LogUtil.py -INFO -报告地址：/Users/zhangxiangkui/Downloads/AutomationTest/report/html
